<?xml version="1.0" encoding="UTF-8"?>
<!-- Generated by org.testng.reporters.JUnitReportReporter -->
<testsuite hostname="HPDB0041" name="com.Automation.Bing.AppTest" tests="2" failures="0" timestamp="3 Jul 2018 07:22:50 GMT" time="14.952" errors="0">
  <testcase name="SawpTest" time="2.224" classname="com.Automation.Bing.AppTest"/>
  <testcase name="BingTest" time="12.728" classname="com.Automation.Bing.AppTest"/>
</testsuite> <!-- com.Automation.Bing.AppTest -->
