<?xml version="1.0" encoding="UTF-8"?>
<!-- Generated by org.testng.reporters.JUnitReportReporter -->
<testsuite hostname="HPDB0041" name="com.Automation.Bing.BingTest" tests="1" failures="0" timestamp="3 Jul 2018 05:29:55 GMT" time="2.416" errors="0">
  <testcase name="Auto_Detect_Language" time="2.416" classname="com.Automation.Bing.BingTest"/>
</testsuite> <!-- com.Automation.Bing.BingTest -->
